This is pdfTeX, Version 3.14159265-2.6-1.40.20 (TeX Live 2019/Debian) (preloaded format=pdflatex 2020.5.10)  26 MAY 2020 10:58
entering extended mode
 restricted \write18 enabled.
 %&-line parsing enabled.
**sparse.tex
(./sparse.tex
LaTeX2e <2020-02-02> patch level 2
L3 programming layer <2020-02-14>
(/usr/share/texlive/texmf-dist/tex/latex/base/article.cls
Document Class: article 2019/12/20 v1.4l Standard LaTeX document class
(/usr/share/texlive/texmf-dist/tex/latex/base/size10.clo
File: size10.clo 2019/12/20 v1.4l Standard LaTeX file (size option)
)
\c@part=\count167
\c@section=\count168
\c@subsection=\count169
\c@subsubsection=\count170
\c@paragraph=\count171
\c@subparagraph=\count172
\c@figure=\count173
\c@table=\count174
\abovecaptionskip=\skip47
\belowcaptionskip=\skip48
\bibindent=\dimen134
)
(/usr/share/texlive/texmf-dist/tex/generic/babel/babel.sty
Package: babel 2020/02/14 3.40 The Babel package

(/usr/share/texlive/texmf-dist/tex/generic/babel/switch.def
File: switch.def 2020/02/14 3.40 Babel switching mechanism
)
(/usr/share/texlive/texmf-dist/tex/generic/babel-english/english.ldf
Language: english 2017/06/06 v3.3r English support from the babel system

(/usr/share/texlive/texmf-dist/tex/generic/babel/babel.def
File: babel.def 2020/02/14 3.40 Babel common definitions
\babel@savecnt=\count175
\U@D=\dimen135

(/usr/share/texlive/texmf-dist/tex/generic/babel/txtbabel.def)
\bbl@readstream=\read2
\bbl@dirlevel=\count176
)
Package babel Info: \l@canadian = using hyphenrules for english
(babel)             (\language0) on input line 102.
Package babel Info: \l@australian = using hyphenrules for ukenglish
(babel)             (\language9) on input line 105.
Package babel Info: \l@newzealand = using hyphenrules for ukenglish
(babel)             (\language9) on input line 108.
))
(/usr/share/texlive/texmf-dist/tex/latex/hyperref/hyperref.sty
Package: hyperref 2020/01/14 v7.00d Hypertext links for LaTeX

(/usr/share/texlive/texmf-dist/tex/generic/ltxcmds/ltxcmds.sty
Package: ltxcmds 2019/12/15 v1.24 LaTeX kernel commands for general use (HO)
)
(/usr/share/texlive/texmf-dist/tex/generic/iftex/iftex.sty
Package: iftex 2019/11/07 v1.0c TeX engine tests
)
(/usr/share/texlive/texmf-dist/tex/latex/pdftexcmds/pdftexcmds.sty
Package: pdftexcmds 2019/11/24 v0.31 Utility functions of pdfTeX for LuaTeX (HO
)

(/usr/share/texlive/texmf-dist/tex/generic/infwarerr/infwarerr.sty
Package: infwarerr 2019/12/03 v1.5 Providing info/warning/error messages (HO)
)
Package pdftexcmds Info: \pdf@primitive is available.
Package pdftexcmds Info: \pdf@ifprimitive is available.
Package pdftexcmds Info: \pdfdraftmode found.
)
(/usr/share/texlive/texmf-dist/tex/latex/graphics/keyval.sty
Package: keyval 2014/10/28 v1.15 key=value parser (DPC)
\KV@toks@=\toks14
)
(/usr/share/texlive/texmf-dist/tex/generic/kvsetkeys/kvsetkeys.sty
Package: kvsetkeys 2019/12/15 v1.18 Key value parser (HO)
)
(/usr/share/texlive/texmf-dist/tex/generic/kvdefinekeys/kvdefinekeys.sty
Package: kvdefinekeys 2019-12-19 v1.6 Define keys (HO)
)
(/usr/share/texlive/texmf-dist/tex/generic/pdfescape/pdfescape.sty
Package: pdfescape 2019/12/09 v1.15 Implements pdfTeX's escape features (HO)
)
(/usr/share/texlive/texmf-dist/tex/latex/hycolor/hycolor.sty
Package: hycolor 2020-01-27 v1.10 Color options for hyperref/bookmark (HO)
)
(/usr/share/texlive/texmf-dist/tex/latex/letltxmacro/letltxmacro.sty
Package: letltxmacro 2019/12/03 v1.6 Let assignment for LaTeX macros (HO)
)
(/usr/share/texlive/texmf-dist/tex/latex/auxhook/auxhook.sty
Package: auxhook 2019-12-17 v1.6 Hooks for auxiliary files (HO)
)
(/usr/share/texlive/texmf-dist/tex/latex/kvoptions/kvoptions.sty
Package: kvoptions 2019/11/29 v3.13 Key value format for package options (HO)
)
\@linkdim=\dimen136
\Hy@linkcounter=\count177
\Hy@pagecounter=\count178

(/usr/share/texlive/texmf-dist/tex/latex/hyperref/pd1enc.def
File: pd1enc.def 2020/01/14 v7.00d Hyperref: PDFDocEncoding definition (HO)
Now handling font encoding PD1 ...
... no UTF-8 mapping file for font encoding PD1
)
(/usr/share/texlive/texmf-dist/tex/generic/intcalc/intcalc.sty
Package: intcalc 2019/12/15 v1.3 Expandable calculations with integers (HO)
)
(/usr/share/texlive/texmf-dist/tex/generic/etexcmds/etexcmds.sty
Package: etexcmds 2019/12/15 v1.7 Avoid name clashes with e-TeX commands (HO)
)
\Hy@SavedSpaceFactor=\count179
\pdfmajorversion=\count180
Package hyperref Info: Hyper figures OFF on input line 4547.
Package hyperref Info: Link nesting OFF on input line 4552.
Package hyperref Info: Hyper index ON on input line 4555.
Package hyperref Info: Plain pages OFF on input line 4562.
Package hyperref Info: Backreferencing OFF on input line 4567.
Package hyperref Info: Implicit mode ON; LaTeX internals redefined.
Package hyperref Info: Bookmarks ON on input line 4800.
\c@Hy@tempcnt=\count181

(/usr/share/texlive/texmf-dist/tex/latex/url/url.sty
\Urlmuskip=\muskip16
Package: url 2013/09/16  ver 3.4  Verb mode for urls, etc.
)
LaTeX Info: Redefining \url on input line 5159.
\XeTeXLinkMargin=\dimen137

(/usr/share/texlive/texmf-dist/tex/generic/bitset/bitset.sty
Package: bitset 2019/12/09 v1.3 Handle bit-vector datatype (HO)

(/usr/share/texlive/texmf-dist/tex/generic/bigintcalc/bigintcalc.sty
Package: bigintcalc 2019/12/15 v1.5 Expandable calculations on big integers (HO
)
))
\Fld@menulength=\count182
\Field@Width=\dimen138
\Fld@charsize=\dimen139
Package hyperref Info: Hyper figures OFF on input line 6430.
Package hyperref Info: Link nesting OFF on input line 6435.
Package hyperref Info: Hyper index ON on input line 6438.
Package hyperref Info: backreferencing OFF on input line 6445.
Package hyperref Info: Link coloring OFF on input line 6450.
Package hyperref Info: Link coloring with OCG OFF on input line 6455.
Package hyperref Info: PDF/A mode OFF on input line 6460.
LaTeX Info: Redefining \ref on input line 6500.
LaTeX Info: Redefining \pageref on input line 6504.

(/usr/share/texlive/texmf-dist/tex/generic/atbegshi/atbegshi.sty
Package: atbegshi 2019/12/05 v1.19 At begin shipout hook (HO)
)
\Hy@abspage=\count183
\c@Item=\count184
\c@Hfootnote=\count185
)
Package hyperref Info: Driver (autodetected): hpdftex.

(/usr/share/texlive/texmf-dist/tex/latex/hyperref/hpdftex.def
File: hpdftex.def 2020/01/14 v7.00d Hyperref driver for pdfTeX

(/usr/share/texlive/texmf-dist/tex/latex/atveryend/atveryend.sty
Package: atveryend 2019-12-11 v1.11 Hooks at the very end of document (HO)
Package atveryend Info: \enddocument detected (standard20110627).
)
\Fld@listcount=\count186
\c@bookmark@seq@number=\count187

(/usr/share/texlive/texmf-dist/tex/latex/rerunfilecheck/rerunfilecheck.sty
Package: rerunfilecheck 2019/12/05 v1.9 Rerun checks for auxiliary files (HO)

(/usr/share/texlive/texmf-dist/tex/generic/uniquecounter/uniquecounter.sty
Package: uniquecounter 2019/12/15 v1.4 Provide unlimited unique counter (HO)
)
Package uniquecounter Info: New unique counter `rerunfilecheck' on input line 2
86.
)
\Hy@SectionHShift=\skip49
)
(/usr/share/texlive/texmf-dist/tex/latex/graphics/color.sty
Package: color 2019/11/23 v1.2a Standard LaTeX Color (DPC)

(/usr/share/texlive/texmf-dist/tex/latex/graphics-cfg/color.cfg
File: color.cfg 2016/01/02 v1.6 sample color configuration
)
Package color Info: Driver file: pdftex.def on input line 147.

(/usr/share/texlive/texmf-dist/tex/latex/graphics-def/pdftex.def
File: pdftex.def 2018/01/08 v1.0l Graphics/color driver for pdftex
))
(/usr/share/texlive/texmf-dist/tex/latex/tools/array.sty
Package: array 2019/08/31 v2.4l Tabular extension package (FMi)
\col@sep=\dimen140
\ar@mcellbox=\box45
\extrarowheight=\dimen141
\NC@list=\toks15
\extratabsurround=\skip50
\backup@length=\skip51
\ar@cellbox=\box46
)
(/usr/share/texlive/texmf-dist/tex/latex/graphics/graphicx.sty
Package: graphicx 2019/11/30 v1.2a Enhanced LaTeX Graphics (DPC,SPQR)

(/usr/share/texlive/texmf-dist/tex/latex/graphics/graphics.sty
Package: graphics 2019/11/30 v1.4a Standard LaTeX Graphics (DPC,SPQR)

(/usr/share/texlive/texmf-dist/tex/latex/graphics/trig.sty
Package: trig 2016/01/03 v1.10 sin cos tan (DPC)
)
(/usr/share/texlive/texmf-dist/tex/latex/graphics-cfg/graphics.cfg
File: graphics.cfg 2016/06/04 v1.11 sample graphics configuration
)
Package graphics Info: Driver file: pdftex.def on input line 105.
)
\Gin@req@height=\dimen142
\Gin@req@width=\dimen143
)
(/usr/share/texlive/texmf-dist/tex/latex/dblfloatfix/dblfloatfix.sty
Package: dblfloatfix 2012/12/31 v1.0a (JAW)

(/usr/share/texlive/texmf-dist/tex/latex/base/fixltx2e.sty
Package: fixltx2e 2016/12/29 v2.1a fixes to LaTeX (obsolete)
Applying: [2015/01/01] Old fixltx2e package on input line 46.


Package fixltx2e Warning: fixltx2e is not required with releases after 2015
(fixltx2e)                All fixes are now in the LaTeX kernel.
(fixltx2e)                See the latexrelease package for details.

Already applied: [0000/00/00] Old fixltx2e package on input line 53.
)
\@dblbotnum=\count188
\c@dblbotnumber=\count189
) (/usr/share/texlive/texmf-dist/tex/latex/amsfonts/amssymb.sty
Package: amssymb 2013/01/14 v3.01 AMS font symbols

(/usr/share/texlive/texmf-dist/tex/latex/amsfonts/amsfonts.sty
Package: amsfonts 2013/01/14 v3.01 Basic AMSFonts support
\@emptytoks=\toks16
\symAMSa=\mathgroup4
\symAMSb=\mathgroup5
LaTeX Font Info:    Redeclaring math symbol \hbar on input line 98.
LaTeX Font Info:    Overwriting math alphabet `\mathfrak' in version `bold'
(Font)                  U/euf/m/n --> U/euf/b/n on input line 106.
))
(/usr/share/texlive/texmf-dist/tex/latex/l3backend/l3backend-pdfmode.def
File: l3backend-pdfmode.def 2020-02-03 L3 backend support: PDF mode
\l__kernel_color_stack_int=\count190
\l__pdf_internal_box=\box47
)
(./sparse.aux)
\openout1 = `sparse.aux'.

LaTeX Font Info:    Checking defaults for OML/cmm/m/it on input line 16.
LaTeX Font Info:    ... okay on input line 16.
LaTeX Font Info:    Checking defaults for OMS/cmsy/m/n on input line 16.
LaTeX Font Info:    ... okay on input line 16.
LaTeX Font Info:    Checking defaults for OT1/cmr/m/n on input line 16.
LaTeX Font Info:    ... okay on input line 16.
LaTeX Font Info:    Checking defaults for T1/cmr/m/n on input line 16.
LaTeX Font Info:    ... okay on input line 16.
LaTeX Font Info:    Checking defaults for TS1/cmr/m/n on input line 16.
LaTeX Font Info:    ... okay on input line 16.
LaTeX Font Info:    Checking defaults for OMX/cmex/m/n on input line 16.
LaTeX Font Info:    ... okay on input line 16.
LaTeX Font Info:    Checking defaults for U/cmr/m/n on input line 16.
LaTeX Font Info:    ... okay on input line 16.
LaTeX Font Info:    Checking defaults for PD1/pdf/m/n on input line 16.
LaTeX Font Info:    ... okay on input line 16.
\AtBeginShipoutBox=\box48
Package hyperref Info: Link coloring OFF on input line 16.
 (/usr/share/texlive/texmf-dist/tex/latex/hyperref/nameref.sty
Package: nameref 2019/09/16 v2.46 Cross-referencing by name of section

(/usr/share/texlive/texmf-dist/tex/latex/refcount/refcount.sty
Package: refcount 2019/12/15 v3.6 Data extraction from label references (HO)
)
(/usr/share/texlive/texmf-dist/tex/generic/gettitlestring/gettitlestring.sty
Package: gettitlestring 2019/12/15 v1.6 Cleanup title references (HO)
)
\c@section@level=\count191
)
LaTeX Info: Redefining \ref on input line 16.
LaTeX Info: Redefining \pageref on input line 16.
LaTeX Info: Redefining \nameref on input line 16.

(./sparse.out) (./sparse.out)
\@outlinefile=\write3
\openout3 = `sparse.out'.


(/usr/share/texlive/texmf-dist/tex/context/base/mkii/supp-pdf.mkii
[Loading MPS to PDF converter (version 2006.09.02).]
\scratchcounter=\count192
\scratchdimen=\dimen144
\scratchbox=\box49
\nofMPsegments=\count193
\nofMParguments=\count194
\everyMPshowfont=\toks17
\MPscratchCnt=\count195
\MPscratchDim=\dimen145
\MPnumerator=\count196
\makeMPintoPDFobject=\count197
\everyMPtoPDFconversion=\toks18
) (/usr/share/texlive/texmf-dist/tex/latex/epstopdf-pkg/epstopdf-base.sty
Package: epstopdf-base 2020-01-24 v2.11 Base part for package epstopdf
Package epstopdf-base Info: Redefining graphics rule for `.eps' on input line 4
85.

(/usr/share/texlive/texmf-dist/tex/latex/latexconfig/epstopdf-sys.cfg
File: epstopdf-sys.cfg 2010/07/13 v1.3 Configuration of (r)epstopdf for TeX Liv
e
))
LaTeX Font Info:    Trying to load font information for U+msa on input line 18.


(/usr/share/texlive/texmf-dist/tex/latex/amsfonts/umsa.fd
File: umsa.fd 2013/01/14 v3.01 AMS symbols A
)
LaTeX Font Info:    Trying to load font information for U+msb on input line 18.


(/usr/share/texlive/texmf-dist/tex/latex/amsfonts/umsb.fd
File: umsb.fd 2013/01/14 v3.01 AMS symbols B
)
Overfull \hbox (41.82008pt too wide) in paragraph at lines 18--18
 [][] 
 []


Underfull \vbox (badness 10000) has occurred while \output is active []

 [1{/var/lib/texmf/fonts/map/pdftex/updmap/pdftex.map}


] [2]
<images/search_space_original.png, id=144, 377.9721pt x 542.025pt>
File: images/search_space_original.png Graphic file (type png)
<use images/search_space_original.png>
Package pdftex.def Info: images/search_space_original.png  used on input line 6
5.
(pdftex.def)             Requested size: 154.69933pt x 221.84296pt.

Underfull \vbox (badness 3942) has occurred while \output is active []

<images/search_procedure.png, id=151, 489.9906pt x 273.9033pt>
File: images/search_procedure.png Graphic file (type png)
<use images/search_procedure.png>
Package pdftex.def Info: images/search_procedure.png  used on input line 74.
(pdftex.def)             Requested size: 198.89865pt x 111.18098pt.
<images/rnn_search_space.png, id=152, 420.6114pt x 395.3169pt>
File: images/rnn_search_space.png Graphic file (type png)
<use images/rnn_search_space.png>
Package pdftex.def Info: images/rnn_search_space.png  used on input line 83.
(pdftex.def)             Requested size: 198.89865pt x 186.93298pt.
 [3 <./images/search_space_original.png> <./images/search_procedure.png>]
Underfull \hbox (badness 5077) in paragraph at lines 92--92
[]\OT1/cmr/bx/n/12 Sparse Ex-ten-sion and CoST
 []

<images/Cost_sample.png, id=176, 867.24pt x 433.62pt>
File: images/Cost_sample.png Graphic file (type png)
<use images/Cost_sample.png>
Package pdftex.def Info: images/Cost_sample.png  used on input line 104.
(pdftex.def)             Requested size: 221.0pt x 110.49554pt.
[4 <./images/rnn_search_space.png> <./images/Cost_sample.png>]
Underfull \hbox (badness 2326) in paragraph at lines 136--136
[]\OT1/cmr/bx/n/12 Kernel Anal-y-sis and La-tency
 []


Package amsfonts Warning: Obsolete command \Bbb; \mathbb should be used instead
 on input line 138.

<images/rnn__2dcnn_latency.png, id=205, 650.43pt x 433.62pt>
File: images/rnn__2dcnn_latency.png Graphic file (type png)
<use images/rnn__2dcnn_latency.png>
Package pdftex.def Info: images/rnn__2dcnn_latency.png  used on input line 180.

(pdftex.def)             Requested size: 214.37027pt x 142.90977pt.
[5 <./images/rnn__2dcnn_latency.png>]
<images/pareto_cifar2.png, id=224, 722.7pt x 433.62pt>
File: images/pareto_cifar2.png Graphic file (type png)
<use images/pareto_cifar2.png>
Package pdftex.def Info: images/pareto_cifar2.png  used on input line 194.
(pdftex.def)             Requested size: 216.95807pt x 130.17302pt.
<images/evolution_cifar2.png, id=225, 722.7pt x 433.62pt>
File: images/evolution_cifar2.png Graphic file (type png)
<use images/evolution_cifar2.png>
Package pdftex.def Info: images/evolution_cifar2.png  used on input line 195.
(pdftex.def)             Requested size: 216.95807pt x 130.17302pt.

Overfull \hbox (12.75618pt too wide) in paragraph at lines 209--227
 [] 
 []

[6] [7 <./images/pareto_cifar2.png> <./images/evolution_cifar2.png>]
<images/matern_vs_arc.png, id=253, 722.7pt x 433.62pt>
File: images/matern_vs_arc.png Graphic file (type png)
<use images/matern_vs_arc.png>
Package pdftex.def Info: images/matern_vs_arc.png  used on input line 245.
(pdftex.def)             Requested size: 216.95807pt x 130.17302pt.
<images/arc_qq.png, id=254, 722.7pt x 433.62pt>
File: images/arc_qq.png Graphic file (type png)
<use images/arc_qq.png>
Package pdftex.def Info: images/arc_qq.png  used on input line 246.
(pdftex.def)             Requested size: 216.95807pt x 130.17302pt.

Underfull \hbox (badness 10000) in paragraph at lines 252--252
[]\OT1/cmr/bx/n/14.4 Conclusions and fur-ther
 []

(./sparse.bbl
Underfull \vbox (badness 1776) has occurred while \output is active []


Underfull \hbox (badness 1845) in paragraph at lines 12--15
\OT1/cmr/m/n/10 Scal-able Im-age Recog-ni-tion,'' \OT1/cmr/m/it/10 Proc. IEEE
 []


Underfull \hbox (badness 1755) in paragraph at lines 41--44
[]\OT1/cmr/m/n/10 B. Ja-cob, S. Kli-gys, B. Chen, M. Zhu,
 []


Underfull \hbox (badness 5022) in paragraph at lines 41--44
\OT1/cmr/m/n/10 M. Tang, A. Howard, H. Adam, and
 []


Underfull \hbox (badness 10000) in paragraph at lines 46--49
[]\OT1/cmr/m/n/10 A. G. Howard, M. Zhu, B. Chen,
 []


Underfull \hbox (badness 1769) in paragraph at lines 46--49
\OT1/cmr/m/n/10 D. Kalenichenko, W. Wang, T. Weyand,
 []


Underfull \hbox (badness 10000) in paragraph at lines 51--53
[]\OT1/cmr/m/n/10 ``Tensorflow Lite.'' []$\OT1/cmtt/m/n/10 https : / / www .
 []


Underfull \hbox (badness 2478) in paragraph at lines 51--53
\OT1/cmtt/m/n/10 tensorflow . org / lite$[]\OT1/cmr/m/n/10 .  Ac-cessed: 2019-
 []

[8]
Underfull \hbox (badness 10000) in paragraph at lines 61--64
[]\OT1/cmr/m/n/10 ``ARM NN.'' []$\OT1/cmtt/m/n/10 https : / / developer .
 []


Underfull \hbox (badness 10000) in paragraph at lines 61--64
\OT1/cmtt/m/n/10 arm . com / ip-[]products / processors /
 []


Underfull \hbox (badness 10000) in paragraph at lines 61--64
\OT1/cmtt/m/n/10 machine-[]learning / arm-[]nn$[]\OT1/cmr/m/n/10 .  Ac-cessed:
 []


Underfull \hbox (badness 1137) in paragraph at lines 66--68
[]\OT1/cmr/m/n/10 ``NVIDIA ten-sor rt.'' []$\OT1/cmtt/m/n/10 https : / / develo
per .
 []


Underfull \hbox (badness 10000) in paragraph at lines 70--72
[]\OT1/cmr/m/n/10 ``uTensor.'' []$\OT1/cmtt/m/n/10 https : / / github . com / u
Tensor /
 []


Underfull \hbox (badness 1107) in paragraph at lines 82--85
\OT1/cmr/m/n/10 P. N. What-mough, ``SpArSe: Sparse Ar-
 []


Underfull \hbox (badness 1577) in paragraph at lines 82--85
\OT1/cmr/m/n/10 chi-tec-ture Search for CNNs on Resource-
 []


Underfull \hbox (badness 1152) in paragraph at lines 87--91
\OT1/cmr/m/n/10 objective op-ti-miza-tion frame-work for deep
 []


Underfull \hbox (badness 1655) in paragraph at lines 98--101
\OT1/cmr/m/n/10 li-gence: On-demand deep learn-ing model
 []


Underfull \hbox (badness 10000) in paragraph at lines 98--101
\OT1/cmr/m/n/10 co-inference with device-edge syn-ergy,''
 []


Underfull \hbox (badness 10000) in paragraph at lines 98--101
\OT1/cmr/m/it/10 Edge Com-mun. Part SIG-COMM 2018\OT1/cmr/m/n/10 ,
 []


Underfull \hbox (badness 1264) in paragraph at lines 113--116
\OT1/cmr/m/n/10 Heylen, ``Touch-ing the void - in-tro-duc-ing
 []

[9 <./images/matern_vs_arc.png> <./images/arc_qq.png>]
Underfull \hbox (badness 1210) in paragraph at lines 144--146
[]\OT1/cmr/m/n/10 X. Chu, B. Zhang, R. Xu, and H. Ma,
 []


Underfull \hbox (badness 1394) in paragraph at lines 167--170
[]\OT1/cmr/m/n/10 B. Shahri-ari, Z. Wang, M. W. Hoff-man,
 []


Underfull \hbox (badness 4120) in paragraph at lines 207--210
[]\OT1/cmr/m/n/10 M. Ba-lan-dat, B. Kar-rer, D. R. Jiang,
 []


Underfull \hbox (badness 3029) in paragraph at lines 207--210
\OT1/cmr/m/n/10 S. Daulton, B. Letham, A. G. Wil-son,
 []


Underfull \hbox (badness 3128) in paragraph at lines 212--216
\OT1/cmr/m/it/10 ral Inf. Pro-cess. Syst.\OT1/cmr/m/n/10 , vol. 2018-Decem,
 []

)
Package atveryend Info: Empty hook `BeforeClearDocument' on input line 257.
 [10]
Package atveryend Info: Empty hook `AfterLastShipout' on input line 257.
 (./sparse.aux)
Package atveryend Info: Executing hook `AtVeryEndDocument' on input line 257.
Package atveryend Info: Executing hook `AtEndAfterFileList' on input line 257.
Package rerunfilecheck Info: File `sparse.out' has not changed.
(rerunfilecheck)             Checksum: AC418862F7FC94AD78D691CABA7C57A1;805.
Package atveryend Info: Empty hook `AtVeryVeryEnd' on input line 257.
 ) 
Here is how much of TeX's memory you used:
 6640 strings out of 481239
 99569 string characters out of 5920377
 374723 words of memory out of 5000000
 21687 multiletter control sequences out of 15000+600000
 541669 words of font info for 60 fonts, out of 8000000 for 9000
 1141 hyphenation exceptions out of 8191
 34i,9n,31p,1673b,442s stack positions out of 5000i,500n,10000p,200000b,80000s
{/usr/share/texmf/fonts/enc/dvips/cm-super/cm-super-ts1.enc}</usr/share/texli
ve/texmf-dist/fonts/type1/public/amsfonts/cm/cmbx10.pfb></usr/share/texlive/tex
mf-dist/fonts/type1/public/amsfonts/cm/cmbx12.pfb></usr/share/texlive/texmf-dis
t/fonts/type1/public/amsfonts/cm/cmex10.pfb></usr/share/texlive/texmf-dist/font
s/type1/public/amsfonts/cm/cmmi10.pfb></usr/share/texlive/texmf-dist/fonts/type
1/public/amsfonts/cm/cmmi5.pfb></usr/share/texlive/texmf-dist/fonts/type1/publi
c/amsfonts/cm/cmmi7.pfb></usr/share/texlive/texmf-dist/fonts/type1/public/amsfo
nts/cm/cmr10.pfb></usr/share/texlive/texmf-dist/fonts/type1/public/amsfonts/cm/
cmr12.pfb></usr/share/texlive/texmf-dist/fonts/type1/public/amsfonts/cm/cmr17.p
fb></usr/share/texlive/texmf-dist/fonts/type1/public/amsfonts/cm/cmr7.pfb></usr
/share/texlive/texmf-dist/fonts/type1/public/amsfonts/cm/cmsy10.pfb></usr/share
/texlive/texmf-dist/fonts/type1/public/amsfonts/cm/cmsy7.pfb></usr/share/texliv
e/texmf-dist/fonts/type1/public/amsfonts/cm/cmti10.pfb></usr/share/texlive/texm
f-dist/fonts/type1/public/amsfonts/cm/cmtt10.pfb></usr/share/texlive/texmf-dist
/fonts/type1/public/amsfonts/symbols/msbm10.pfb></usr/share/texmf/fonts/type1/p
ublic/cm-super/sfrm1000.pfb>
Output written on sparse.pdf (10 pages, 567421 bytes).
PDF statistics:
 357 PDF objects out of 1000 (max. 8388607)
 306 compressed objects within 4 object streams
 81 named destinations out of 1000 (max. 500000)
 150 words of extra memory for PDF output out of 10000 (max. 10000000)

